  Source.cpp
C:\Users\adane\Desktop\Pack4u\Project1\Source.cpp(165,20): warning C4018: '<': signed/unsigned mismatch
C:\Users\adane\Desktop\Pack4u\Project1\Source.cpp(175,20): warning C4018: '<': signed/unsigned mismatch
C:\Users\adane\Desktop\Pack4u\Project1\Source.cpp(218,6): warning C4101: 'num': unreferenced local variable
C:\Users\adane\Desktop\Pack4u\Project1\Source.cpp(561,20): warning C4018: '<': signed/unsigned mismatch
C:\Users\adane\Desktop\Pack4u\Project1\Source.cpp(729,20): warning C4018: '<': signed/unsigned mismatch
C:\Users\adane\Desktop\Pack4u\Project1\Source.cpp(768,22): warning C4018: '<': signed/unsigned mismatch
C:\Users\adane\Desktop\Pack4u\Project1\Source.cpp(781,22): warning C4018: '<': signed/unsigned mismatch
C:\Users\adane\Desktop\Pack4u\Project1\Source.cpp(792,22): warning C4018: '<': signed/unsigned mismatch
C:\Users\adane\Desktop\Pack4u\Project1\Source.cpp(799,22): warning C4018: '<': signed/unsigned mismatch
C:\Users\adane\Desktop\Pack4u\Project1\Source.cpp(862,22): warning C4018: '<': signed/unsigned mismatch
C:\Users\adane\Desktop\Pack4u\Project1\Source.cpp(915,22): warning C4018: '<': signed/unsigned mismatch
C:\Users\adane\Desktop\Pack4u\Project1\Source.cpp(925,22): warning C4018: '<': signed/unsigned mismatch
C:\Users\adane\Desktop\Pack4u\Project1\Source.cpp(938,22): warning C4018: '<': signed/unsigned mismatch
C:\Users\adane\Desktop\Pack4u\Project1\Source.cpp(975,20): warning C4018: '<': signed/unsigned mismatch
C:\Users\adane\Desktop\Pack4u\Project1\Source.cpp(996,18): warning C4018: '<': signed/unsigned mismatch
C:\Users\adane\Desktop\Pack4u\Project1\Source.cpp(1029,20): warning C4018: '<': signed/unsigned mismatch
C:\Users\adane\Desktop\Pack4u\Project1\Source.cpp(1054,21): warning C4018: '<': signed/unsigned mismatch
C:\Users\adane\Desktop\Pack4u\Project1\Source.cpp(1067,20): warning C4018: '<': signed/unsigned mismatch
C:\Users\adane\Desktop\Pack4u\Project1\Source.cpp(1102,20): warning C4018: '<': signed/unsigned mismatch
C:\Users\adane\Desktop\Pack4u\Project1\Source.cpp(1108,22): warning C4018: '<': signed/unsigned mismatch
C:\Users\adane\Desktop\Pack4u\Project1\Source.cpp(1123,24): warning C4018: '<': signed/unsigned mismatch
C:\Users\adane\Desktop\Pack4u\Project1\Source.cpp(1085,6): warning C4101: 'packageId': unreferenced local variable
C:\Users\adane\Desktop\Pack4u\Project1\Source.cpp(1161,20): warning C4018: '<': signed/unsigned mismatch
C:\Users\adane\Desktop\Pack4u\Project1\Source.cpp(1170,20): warning C4018: '<': signed/unsigned mismatch
C:\Users\adane\Desktop\Pack4u\Project1\Source.cpp(1179,20): warning C4018: '<': signed/unsigned mismatch
C:\Users\adane\Desktop\Pack4u\Project1\Source.cpp(1256,21): warning C4018: '<': signed/unsigned mismatch
C:\Users\adane\Desktop\Pack4u\Project1\Source.cpp(1289,22): warning C4018: '<': signed/unsigned mismatch
C:\Users\adane\Desktop\Pack4u\Project1\Source.cpp(1298,22): warning C4018: '<': signed/unsigned mismatch
C:\Users\adane\Desktop\Pack4u\Project1\Source.cpp(1317,20): warning C4018: '<': signed/unsigned mismatch
C:\Users\adane\Desktop\Pack4u\Project1\Source.cpp(1362,22): warning C4018: '<': signed/unsigned mismatch
C:\Users\adane\Desktop\Pack4u\Project1\Source.cpp(1373,22): warning C4018: '<': signed/unsigned mismatch
C:\Users\adane\Desktop\Pack4u\Project1\Source.cpp(1389,20): warning C4018: '<': signed/unsigned mismatch
C:\Users\adane\Desktop\Pack4u\Project1\Source.cpp(1508,20): warning C4018: '<': signed/unsigned mismatch
C:\Users\adane\Desktop\Pack4u\Project1\Source.cpp(1536,20): warning C4018: '<': signed/unsigned mismatch
C:\Users\adane\Desktop\Pack4u\Project1\Source.cpp(1830,21): warning C4018: '<': signed/unsigned mismatch
C:\Users\adane\Desktop\Pack4u\Project1\Source.cpp(1632): warning C4715: 'operator<': not all control paths return a value
  Project1.vcxproj -> C:\Users\adane\Desktop\Pack4u\Project1\Debug\Project1.exe
